
> @llm-reporters/mocha-reporter@1.0.0 test
> mocha --reporter ./dist/index.js tests/**/*.test.js


# LLM TEST REPORTER - DETAILED MODE

## TEST FAILURE #1
SUITE: All Failing Tests
TEST: All Failing Tests > Test 1 - Should fail
FILE: /Users/boyd/wip/reporters/typescript/mocha-reporter/tests/all-failing.test.js:1
TYPE: Assertion Error

EXPECTED: expected
RECEIVED: actual

CODE CONTEXT:
> 1 | const assert = require('assert');
  2 | 
  3 | describe('All Failing Tests', function() {

FAILURE REASON: Expected value expected but received actual
FIX HINT: Verify the assertion matches the actual behavior

## TEST FAILURE #2
SUITE: All Failing Tests
TEST: All Failing Tests > Test 2 - Should fail
FILE: /Users/boyd/wip/reporters/typescript/mocha-reporter/tests/all-failing.test.js:1
TYPE: Type Error

CODE CONTEXT:
> 1 | const assert = require('assert');
  2 | 
  3 | describe('All Failing Tests', function() {

FAILURE REASON: Type error: Cannot read properties of null (reading 'length')
FIX HINT: Check variable types and ensure proper initialization

## TEST FAILURE #3
SUITE: All Failing Tests
TEST: All Failing Tests > Test 3 - Should fail
FILE: /Users/boyd/wip/reporters/typescript/mocha-reporter/tests/all-failing.test.js:1
TYPE: Timeout

CODE CONTEXT:
> 1 | const assert = require('assert');
  2 | 
  3 | describe('All Failing Tests', function() {

FAILURE REASON: Test execution exceeded configured timeout
FIX HINT: Increase test timeout or optimize async operations

## TEST FAILURE #4
SUITE: Mixed Results
TEST: Mixed Results > Test 2 - Should fail
FILE: /Users/boyd/wip/reporters/typescript/mocha-reporter/tests/mixed-results.test.js:1
TYPE: Assertion Error

EXPECTED: 5
RECEIVED: 4

CODE CONTEXT:
> 1 | const assert = require('assert');
  2 | 
  3 | describe('Mixed Results', function() {

FAILURE REASON: Expected value 5 but received 4
FIX HINT: Verify the assertion matches the actual behavior

## TEST FAILURE #5
SUITE: Mixed Results
TEST: Mixed Results > Test 4 - Should fail
FILE: /Users/boyd/wip/reporters/typescript/mocha-reporter/tests/mixed-results.test.js:1
TYPE: Type Error

CODE CONTEXT:
> 1 | const assert = require('assert');
  2 | 
  3 | describe('Mixed Results', function() {

FAILURE REASON: Type error: Cannot read properties of undefined (reading 'property')
FIX HINT: Check variable types and ensure proper initialization

---
## ERROR PATTERNS DETECTED
- 5 tests failed due to Multiple failures in tests module
- 2 tests failed due to Multiple assertion failures
- 2 tests failed due to Multiple type-related errors

---
## SUMMARY
- TOTAL TESTS: 8 (2 passed, 5 failed)
- FAILURE RATE: 62.50%
- DURATION: 0.51s
- EXIT CODE: 1